Using pre-set license
Built from '2020.2/release' branch; Version is '2020.2.0f1 (3721df5a8b28) revision 3613151'; Using compiler version '192528614'; Build Type 'Release'
OS: 'Windows 7  (6.1.0) 64bit' Language: 'ru' Physical Memory: 32725 MB
BatchMode: 1, IsHumanControllingUs: 0, StartBugReporterOnCrash: 0, Is64bit: 1, IsPro: 0

 COMMAND LINE ARGUMENTS:
D:\Projects\2020.2.0f1\Editor\Unity.exe
-adb2
-batchMode
-noUpm
-name
AssetImportWorker0
-projectPath
D:/Projects/Apple Picker
-logFile
Logs/AssetImportWorker0.log
-srvPort
50095
Successfully changed project path to: D:/Projects/Apple Picker
D:/Projects/Apple Picker
Using Asset Import Pipeline V2.
Refreshing native plugins compatible for Editor in 38.73 ms, found 0 plugins.
Preloading 0 native plugins for Editor in 0.00 ms.
Initialize engine version: 2020.2.0f1 (3721df5a8b28)
[Subsystems] Discovering subsystems at path D:/Projects/2020.2.0f1/Editor/Data/Resources/UnitySubsystems
[Subsystems] Discovering subsystems at path D:/Projects/Apple Picker/Assets
GfxDevice: creating device client; threaded=0
d3d11: CreateDXGIFactory2(...) not found, fallbacking to CreateDXGIFactory1(...).
d3d11: QueryInterface(IDXGIFactory5) failed (80004002).
Direct3D:
    Version:  Direct3D 11.0 [level 11.0]
    Renderer: NVIDIA GeForce GTX 1080 (ID=0x1b80)
    Vendor:   
    VRAM:     8077 MB
    Driver:   27.21.14.6089
Initialize mono
Mono path[0] = 'D:/Projects/2020.2.0f1/Editor/Data/Managed'
Mono path[1] = 'D:/Projects/2020.2.0f1/Editor/Data/MonoBleedingEdge/lib/mono/unityjit'
Mono config path = 'D:/Projects/2020.2.0f1/Editor/Data/MonoBleedingEdge/etc'
Using monoOptions --debugger-agent=transport=dt_socket,embedding=1,server=y,suspend=n,address=127.0.0.1:56684
Begin MonoManager ReloadAssembly
Registering precompiled unity dll's ...
Register platform support module: D:/Projects/2020.2.0f1/Editor/Data/PlaybackEngines/WebGLSupport/UnityEditor.WebGL.Extensions.dll
Register platform support module: D:/Projects/2020.2.0f1/Editor/Data/PlaybackEngines/WindowsStandaloneSupport/UnityEditor.WindowsStandalone.Extensions.dll
Registered in 0.003422 seconds.
Native extension for WindowsStandalone target not found
Native extension for WebGL target not found
Refreshing native plugins compatible for Editor in 38.31 ms, found 0 plugins.
Preloading 0 native plugins for Editor in 0.00 ms.
Invoked RoslynAnalysisRunner static constructor.
RoslynAnalysisRunner will not be running.
RoslynAnalysisRunner has terminated.
Mono: successfully reloaded assembly
- Completed reload, in  1.979 seconds
Platform modules already initialized, skipping
Registering precompiled user dll's ...
Registered in 0.001318 seconds.
Begin MonoManager ReloadAssembly
Native extension for WindowsStandalone target not found
Native extension for WebGL target not found
Refreshing native plugins compatible for Editor in 0.47 ms, found 0 plugins.
Preloading 0 native plugins for Editor in 0.00 ms.
Invoked RoslynAnalysisRunner static constructor.
RoslynAnalysisRunner will not be running.
RoslynAnalysisRunner has terminated.
Mono: successfully reloaded assembly
- Completed reload, in  1.379 seconds
Platform modules already initialized, skipping
========================================================================
Worker process is ready to serve import requests
Launched and connected shader compiler UnityShaderCompiler.exe after 0.42 seconds
Refreshing native plugins compatible for Editor in 0.35 ms, found 0 plugins.
Preloading 0 native plugins for Editor in 0.00 ms.
Unloading 1098 Unused Serialized files (Serialized files now loaded: 0)
System memory in use before: 56.7 MB.
System memory in use after: 56.8 MB.

Unloading 10 unused Assets to reduce memory usage. Loaded Objects now: 1539.
Total: 2.376886 ms (FindLiveObjects: 0.286409 ms CreateObjectMapping: 0.074660 ms MarkObjects: 1.923321 ms  DeleteObjects: 0.091478 ms)

========================================================================
Received Import Request.
  path: Assets/Scripts/Basket.cs
  artifactKey: Guid(a44cc2df97eab464e8c10493bb2bd21a) Importer(815301076,1909f56bfc062723c751e8b465ee728b)
Start importing Assets/Scripts/Basket.cs using Guid(a44cc2df97eab464e8c10493bb2bd21a) Importer(815301076,1909f56bfc062723c751e8b465ee728b)  -> (artifact id: 'a3af1cb48c1d2ca975ec688a8c71cbc2') in 0.059179 seconds
  Import took 0.061914 seconds .

========================================================================
Received Prepare
Registering precompiled user dll's ...
Registered in 0.001285 seconds.
Begin MonoManager ReloadAssembly
Native extension for WindowsStandalone target not found
Native extension for WebGL target not found
Refreshing native plugins compatible for Editor in 0.33 ms, found 0 plugins.
Preloading 0 native plugins for Editor in 0.00 ms.
Invoked RoslynAnalysisRunner static constructor.
RoslynAnalysisRunner will not be running.
RoslynAnalysisRunner has terminated.
Mono: successfully reloaded assembly
- Completed reload, in  1.123 seconds
Platform modules already initialized, skipping
Refreshing native plugins compatible for Editor in 0.34 ms, found 0 plugins.
Preloading 0 native plugins for Editor in 0.00 ms.
Unloading 1093 Unused Serialized files (Serialized files now loaded: 0)
System memory in use before: 56.8 MB.
System memory in use after: 56.9 MB.

Unloading 5 unused Assets to reduce memory usage. Loaded Objects now: 1541.
Total: 2.275726 ms (FindLiveObjects: 0.256086 ms CreateObjectMapping: 0.062684 ms MarkObjects: 1.891979 ms  DeleteObjects: 0.063703 ms)

========================================================================
Received Import Request.
  Time since last request: 1940.730555 seconds.
  path: Assets/Scripts/Basket.cs
  artifactKey: Guid(a44cc2df97eab464e8c10493bb2bd21a) Importer(815301076,1909f56bfc062723c751e8b465ee728b)
Start importing Assets/Scripts/Basket.cs using Guid(a44cc2df97eab464e8c10493bb2bd21a) Importer(815301076,1909f56bfc062723c751e8b465ee728b)  -> (artifact id: 'c66f68a0ec50fe74d47e83890304eab8') in 0.010053 seconds
  Import took 0.012940 seconds .

========================================================================
Received Prepare
Registering precompiled user dll's ...
Registered in 0.001988 seconds.
Begin MonoManager ReloadAssembly
Native extension for WindowsStandalone target not found
Native extension for WebGL target not found
Refreshing native plugins compatible for Editor in 0.33 ms, found 0 plugins.
Preloading 0 native plugins for Editor in 0.00 ms.
Invoked RoslynAnalysisRunner static constructor.
RoslynAnalysisRunner will not be running.
RoslynAnalysisRunner has terminated.
Mono: successfully reloaded assembly
- Completed reload, in  1.203 seconds
Platform modules already initialized, skipping
Refreshing native plugins compatible for Editor in 0.32 ms, found 0 plugins.
Preloading 0 native plugins for Editor in 0.00 ms.
Unloading 1093 Unused Serialized files (Serialized files now loaded: 0)
System memory in use before: 56.9 MB.
System memory in use after: 57.0 MB.

Unloading 5 unused Assets to reduce memory usage. Loaded Objects now: 1543.
Total: 2.281332 ms (FindLiveObjects: 0.295327 ms CreateObjectMapping: 0.064213 ms MarkObjects: 1.852738 ms  DeleteObjects: 0.067525 ms)

========================================================================
Received Import Request.
  Time since last request: 28.411221 seconds.
  path: Assets/Prefabs/Basket.prefab
  artifactKey: Guid(c6aae94d21e762942b72d8943145b1de) Importer(815301076,1909f56bfc062723c751e8b465ee728b)
Start importing Assets/Prefabs/Basket.prefab using Guid(c6aae94d21e762942b72d8943145b1de) Importer(815301076,1909f56bfc062723c751e8b465ee728b)  -> (artifact id: 'e876493c30aa74eba76dc9b4792233f8') in 0.132872 seconds
  Import took 0.135800 seconds .

========================================================================
Received Prepare
Registering precompiled user dll's ...
Registered in 0.001073 seconds.
Begin MonoManager ReloadAssembly
Native extension for WindowsStandalone target not found
Native extension for WebGL target not found
Refreshing native plugins compatible for Editor in 0.40 ms, found 0 plugins.
Preloading 0 native plugins for Editor in 0.00 ms.
Invoked RoslynAnalysisRunner static constructor.
RoslynAnalysisRunner will not be running.
RoslynAnalysisRunner has terminated.
Mono: successfully reloaded assembly
- Completed reload, in  1.367 seconds
Platform modules already initialized, skipping
Refreshing native plugins compatible for Editor in 0.39 ms, found 0 plugins.
Preloading 0 native plugins for Editor in 0.00 ms.
Unloading 1093 Unused Serialized files (Serialized files now loaded: 0)
System memory in use before: 60.2 MB.
System memory in use after: 60.3 MB.

Unloading 5 unused Assets to reduce memory usage. Loaded Objects now: 1553.
Total: 3.200693 ms (FindLiveObjects: 0.391901 ms CreateObjectMapping: 0.074915 ms MarkObjects: 2.660237 ms  DeleteObjects: 0.071602 ms)

========================================================================
Received Prepare
Registering precompiled user dll's ...
Registered in 0.000867 seconds.
Begin MonoManager ReloadAssembly
Native extension for WindowsStandalone target not found
Native extension for WebGL target not found
Refreshing native plugins compatible for Editor in 0.32 ms, found 0 plugins.
Preloading 0 native plugins for Editor in 0.00 ms.
Invoked RoslynAnalysisRunner static constructor.
RoslynAnalysisRunner will not be running.
RoslynAnalysisRunner has terminated.
Mono: successfully reloaded assembly
- Completed reload, in  1.108 seconds
Platform modules already initialized, skipping
Refreshing native plugins compatible for Editor in 0.38 ms, found 0 plugins.
Preloading 0 native plugins for Editor in 0.00 ms.
Unloading 1093 Unused Serialized files (Serialized files now loaded: 0)
System memory in use before: 60.3 MB.
System memory in use after: 60.4 MB.

Unloading 5 unused Assets to reduce memory usage. Loaded Objects now: 1555.
Total: 2.138127 ms (FindLiveObjects: 0.266024 ms CreateObjectMapping: 0.060900 ms MarkObjects: 1.743424 ms  DeleteObjects: 0.066506 ms)

========================================================================
Received Prepare
Registering precompiled user dll's ...
Registered in 0.000946 seconds.
Begin MonoManager ReloadAssembly
Native extension for WindowsStandalone target not found
Native extension for WebGL target not found
Refreshing native plugins compatible for Editor in 0.37 ms, found 0 plugins.
Preloading 0 native plugins for Editor in 0.00 ms.
Invoked RoslynAnalysisRunner static constructor.
RoslynAnalysisRunner will not be running.
RoslynAnalysisRunner has terminated.
Mono: successfully reloaded assembly
- Completed reload, in  1.149 seconds
Platform modules already initialized, skipping
Refreshing native plugins compatible for Editor in 0.33 ms, found 0 plugins.
Preloading 0 native plugins for Editor in 0.00 ms.
Unloading 1093 Unused Serialized files (Serialized files now loaded: 0)
System memory in use before: 60.5 MB.
System memory in use after: 60.6 MB.

Unloading 5 unused Assets to reduce memory usage. Loaded Objects now: 1557.
Total: 2.387843 ms (FindLiveObjects: 0.268317 ms CreateObjectMapping: 0.060645 ms MarkObjects: 1.992375 ms  DeleteObjects: 0.064213 ms)

========================================================================
Received Import Request.
  Time since last request: 2203.422776 seconds.
  path: Assets/Scenes/SampleScene.unity
  artifactKey: Guid(9fc0d4010bbf28b4594072e72b8655ab) Importer(815301076,1909f56bfc062723c751e8b465ee728b)
Start importing Assets/Scenes/SampleScene.unity using Guid(9fc0d4010bbf28b4594072e72b8655ab) Importer(815301076,1909f56bfc062723c751e8b465ee728b)  -> (artifact id: 'abb60f90932ee36196ac84d348467542') in 0.022740 seconds
  Import took 0.025610 seconds .

========================================================================
Received Import Request.
  Time since last request: 11.062404 seconds.
  path: Assets/Scenes/Scene_0.unity
  artifactKey: Guid(9fc0d4010bbf28b4594072e72b8655ab) Importer(815301076,1909f56bfc062723c751e8b465ee728b)
Start importing Assets/Scenes/Scene_0.unity using Guid(9fc0d4010bbf28b4594072e72b8655ab) Importer(815301076,1909f56bfc062723c751e8b465ee728b)  -> (artifact id: '2b90ef574ce23da888642372245b221b') in 0.008676 seconds
  Import took 0.011246 seconds .

========================================================================
Received Import Request.
  Time since last request: 1.643463 seconds.
  path: Assets/Scenes/Scene_0 1.unity
  artifactKey: Guid(00cc2d721ff92e840b8708e1c37acc14) Importer(815301076,1909f56bfc062723c751e8b465ee728b)
Start importing Assets/Scenes/Scene_0 1.unity using Guid(00cc2d721ff92e840b8708e1c37acc14) Importer(815301076,1909f56bfc062723c751e8b465ee728b)  -> (artifact id: 'a6c3682d46ac69ca32f47dcc948d9256') in 0.014509 seconds
  Import took 0.018132 seconds .

========================================================================
Received Import Request.
  Time since last request: 13.229965 seconds.
  path: Assets/Scenes/Scene_1.unity
  artifactKey: Guid(00cc2d721ff92e840b8708e1c37acc14) Importer(815301076,1909f56bfc062723c751e8b465ee728b)
Start importing Assets/Scenes/Scene_1.unity using Guid(00cc2d721ff92e840b8708e1c37acc14) Importer(815301076,1909f56bfc062723c751e8b465ee728b)  -> (artifact id: '67181f94d8fe42a39411e0c73d04aab8') in 0.007927 seconds
  Import took 0.010995 seconds .

========================================================================
Received Prepare
Registering precompiled user dll's ...
Registered in 0.000978 seconds.
Begin MonoManager ReloadAssembly
Native extension for WindowsStandalone target not found
Native extension for WebGL target not found
Refreshing native plugins compatible for Editor in 0.33 ms, found 0 plugins.
Preloading 0 native plugins for Editor in 0.00 ms.
Invoked RoslynAnalysisRunner static constructor.
RoslynAnalysisRunner will not be running.
RoslynAnalysisRunner has terminated.
Mono: successfully reloaded assembly
- Completed reload, in  1.215 seconds
Platform modules already initialized, skipping
Refreshing native plugins compatible for Editor in 0.31 ms, found 0 plugins.
Preloading 0 native plugins for Editor in 0.00 ms.
Unloading 1093 Unused Serialized files (Serialized files now loaded: 0)
System memory in use before: 60.7 MB.
System memory in use after: 60.7 MB.

Unloading 5 unused Assets to reduce memory usage. Loaded Objects now: 1559.
Total: 2.088694 ms (FindLiveObjects: 0.266279 ms CreateObjectMapping: 0.060900 ms MarkObjects: 1.695519 ms  DeleteObjects: 0.064467 ms)

========================================================================
Received Prepare
Registering precompiled user dll's ...
Registered in 0.001122 seconds.
Begin MonoManager ReloadAssembly
Native extension for WindowsStandalone target not found
Native extension for WebGL target not found
Refreshing native plugins compatible for Editor in 0.33 ms, found 0 plugins.
Preloading 0 native plugins for Editor in 0.00 ms.
Invoked RoslynAnalysisRunner static constructor.
RoslynAnalysisRunner will not be running.
RoslynAnalysisRunner has terminated.
Mono: successfully reloaded assembly
- Completed reload, in  1.122 seconds
Platform modules already initialized, skipping
Refreshing native plugins compatible for Editor in 0.31 ms, found 0 plugins.
Preloading 0 native plugins for Editor in 0.00 ms.
Unloading 1093 Unused Serialized files (Serialized files now loaded: 0)
System memory in use before: 60.8 MB.
System memory in use after: 60.9 MB.

Unloading 5 unused Assets to reduce memory usage. Loaded Objects now: 1561.
Total: 2.107295 ms (FindLiveObjects: 0.261437 ms CreateObjectMapping: 0.060645 ms MarkObjects: 1.722529 ms  DeleteObjects: 0.061410 ms)

========================================================================
Received Prepare
Registering precompiled user dll's ...
Registered in 0.000937 seconds.
Begin MonoManager ReloadAssembly
Native extension for WindowsStandalone target not found
Native extension for WebGL target not found
Refreshing native plugins compatible for Editor in 0.32 ms, found 0 plugins.
Preloading 0 native plugins for Editor in 0.00 ms.
Invoked RoslynAnalysisRunner static constructor.
RoslynAnalysisRunner will not be running.
RoslynAnalysisRunner has terminated.
Mono: successfully reloaded assembly
- Completed reload, in  1.176 seconds
Platform modules already initialized, skipping
Refreshing native plugins compatible for Editor in 0.35 ms, found 0 plugins.
Preloading 0 native plugins for Editor in 0.00 ms.
Unloading 1093 Unused Serialized files (Serialized files now loaded: 0)
System memory in use before: 60.9 MB.
System memory in use after: 61.0 MB.

Unloading 5 unused Assets to reduce memory usage. Loaded Objects now: 1563.
Total: 2.058881 ms (FindLiveObjects: 0.261947 ms CreateObjectMapping: 0.060136 ms MarkObjects: 1.673860 ms  DeleteObjects: 0.061155 ms)

========================================================================
Received Prepare
Registering precompiled user dll's ...
Registered in 0.000979 seconds.
Begin MonoManager ReloadAssembly
Native extension for WindowsStandalone target not found
Native extension for WebGL target not found
Refreshing native plugins compatible for Editor in 0.32 ms, found 0 plugins.
Preloading 0 native plugins for Editor in 0.00 ms.
Invoked RoslynAnalysisRunner static constructor.
RoslynAnalysisRunner will not be running.
RoslynAnalysisRunner has terminated.
Mono: successfully reloaded assembly
- Completed reload, in  1.211 seconds
Platform modules already initialized, skipping
Refreshing native plugins compatible for Editor in 0.30 ms, found 0 plugins.
Preloading 0 native plugins for Editor in 0.00 ms.
Unloading 1093 Unused Serialized files (Serialized files now loaded: 0)
System memory in use before: 61.0 MB.
System memory in use after: 61.1 MB.

Unloading 5 unused Assets to reduce memory usage. Loaded Objects now: 1565.
Total: 2.387843 ms (FindLiveObjects: 0.358011 ms CreateObjectMapping: 0.149320 ms MarkObjects: 1.815790 ms  DeleteObjects: 0.063193 ms)

========================================================================
Received Import Request.
  Time since last request: 7355.352753 seconds.
  path: Assets/Prefabs/Basket.prefab
  artifactKey: Guid(c6aae94d21e762942b72d8943145b1de) Importer(815301076,1909f56bfc062723c751e8b465ee728b)
Start importing Assets/Prefabs/Basket.prefab using Guid(c6aae94d21e762942b72d8943145b1de) Importer(815301076,1909f56bfc062723c751e8b465ee728b)  -> (artifact id: 'd9ce2931d44c5ba0475ef5b00efdc0e0') in 0.086352 seconds
  Import took 0.089757 seconds .

========================================================================
Received Prepare
Registering precompiled user dll's ...
Registered in 0.001521 seconds.
Begin MonoManager ReloadAssembly
Native extension for WindowsStandalone target not found
Native extension for WebGL target not found
Refreshing native plugins compatible for Editor in 0.36 ms, found 0 plugins.
Preloading 0 native plugins for Editor in 0.00 ms.
Invoked RoslynAnalysisRunner static constructor.
RoslynAnalysisRunner will not be running.
RoslynAnalysisRunner has terminated.
Mono: successfully reloaded assembly
- Completed reload, in  1.167 seconds
Platform modules already initialized, skipping
Refreshing native plugins compatible for Editor in 0.36 ms, found 0 plugins.
Preloading 0 native plugins for Editor in 0.00 ms.
Unloading 1093 Unused Serialized files (Serialized files now loaded: 0)
System memory in use before: 61.2 MB.
System memory in use after: 61.3 MB.

Unloading 5 unused Assets to reduce memory usage. Loaded Objects now: 1568.
Total: 2.511682 ms (FindLiveObjects: 0.280803 ms CreateObjectMapping: 0.067270 ms MarkObjects: 2.100160 ms  DeleteObjects: 0.062429 ms)

========================================================================
Received Prepare
Registering precompiled user dll's ...
Registered in 0.000759 seconds.
Begin MonoManager ReloadAssembly
Native extension for WindowsStandalone target not found
Native extension for WebGL target not found
Refreshing native plugins compatible for Editor in 0.37 ms, found 0 plugins.
Preloading 0 native plugins for Editor in 0.00 ms.
Invoked RoslynAnalysisRunner static constructor.
RoslynAnalysisRunner will not be running.
RoslynAnalysisRunner has terminated.
Mono: successfully reloaded assembly
- Completed reload, in  1.067 seconds
Platform modules already initialized, skipping
Refreshing native plugins compatible for Editor in 0.30 ms, found 0 plugins.
Preloading 0 native plugins for Editor in 0.00 ms.
Unloading 1093 Unused Serialized files (Serialized files now loaded: 0)
System memory in use before: 61.3 MB.
System memory in use after: 61.4 MB.

Unloading 5 unused Assets to reduce memory usage. Loaded Objects now: 1570.
Total: 2.139911 ms (FindLiveObjects: 0.258125 ms CreateObjectMapping: 0.060900 ms MarkObjects: 1.757184 ms  DeleteObjects: 0.062429 ms)

========================================================================
Received Prepare
Registering precompiled user dll's ...
Registered in 0.000928 seconds.
Begin MonoManager ReloadAssembly
Native extension for WindowsStandalone target not found
Native extension for WebGL target not found
Refreshing native plugins compatible for Editor in 0.35 ms, found 0 plugins.
Preloading 0 native plugins for Editor in 0.00 ms.
Invoked RoslynAnalysisRunner static constructor.
RoslynAnalysisRunner will not be running.
RoslynAnalysisRunner has terminated.
Mono: successfully reloaded assembly
- Completed reload, in  1.198 seconds
Platform modules already initialized, skipping
Refreshing native plugins compatible for Editor in 0.34 ms, found 0 plugins.
Preloading 0 native plugins for Editor in 0.00 ms.
Unloading 1093 Unused Serialized files (Serialized files now loaded: 0)
System memory in use before: 61.4 MB.
System memory in use after: 61.5 MB.

Unloading 5 unused Assets to reduce memory usage. Loaded Objects now: 1572.
Total: 2.053020 ms (FindLiveObjects: 0.262202 ms CreateObjectMapping: 0.061155 ms MarkObjects: 1.670293 ms  DeleteObjects: 0.057588 ms)

========================================================================
Received Prepare
Registering precompiled user dll's ...
Registered in 0.000832 seconds.
Begin MonoManager ReloadAssembly
Native extension for WindowsStandalone target not found
Native extension for WebGL target not found
Refreshing native plugins compatible for Editor in 0.31 ms, found 0 plugins.
Preloading 0 native plugins for Editor in 0.00 ms.
Invoked RoslynAnalysisRunner static constructor.
RoslynAnalysisRunner will not be running.
RoslynAnalysisRunner has terminated.
Mono: successfully reloaded assembly
- Completed reload, in  1.081 seconds
Platform modules already initialized, skipping
Refreshing native plugins compatible for Editor in 0.32 ms, found 0 plugins.
Preloading 0 native plugins for Editor in 0.00 ms.
Unloading 1093 Unused Serialized files (Serialized files now loaded: 0)
System memory in use before: 61.6 MB.
System memory in use after: 61.6 MB.

Unloading 5 unused Assets to reduce memory usage. Loaded Objects now: 1574.
Total: 2.092006 ms (FindLiveObjects: 0.267298 ms CreateObjectMapping: 0.062939 ms MarkObjects: 1.700106 ms  DeleteObjects: 0.060136 ms)

========================================================================
Received Prepare
Registering precompiled user dll's ...
Registered in 0.001243 seconds.
Begin MonoManager ReloadAssembly
Native extension for WindowsStandalone target not found
Native extension for WebGL target not found
Refreshing native plugins compatible for Editor in 0.35 ms, found 0 plugins.
Preloading 0 native plugins for Editor in 0.00 ms.
Invoked RoslynAnalysisRunner static constructor.
RoslynAnalysisRunner will not be running.
RoslynAnalysisRunner has terminated.
Mono: successfully reloaded assembly
- Completed reload, in  1.260 seconds
Platform modules already initialized, skipping
Refreshing native plugins compatible for Editor in 0.32 ms, found 0 plugins.
Preloading 0 native plugins for Editor in 0.00 ms.
Unloading 1094 Unused Serialized files (Serialized files now loaded: 0)
System memory in use before: 61.7 MB.
System memory in use after: 61.8 MB.

Unloading 5 unused Assets to reduce memory usage. Loaded Objects now: 1577.
Total: 2.564938 ms (FindLiveObjects: 0.317241 ms CreateObjectMapping: 0.068290 ms MarkObjects: 2.106276 ms  DeleteObjects: 0.071347 ms)

========================================================================
Received Import Request.
  Time since last request: 965.946222 seconds.
  path: Assets/Scripts/HighScore.cs
  artifactKey: Guid(e873725b4c3d1c14380e06377a1f6240) Importer(815301076,1909f56bfc062723c751e8b465ee728b)
Start importing Assets/Scripts/HighScore.cs using Guid(e873725b4c3d1c14380e06377a1f6240) Importer(815301076,1909f56bfc062723c751e8b465ee728b)  -> (artifact id: '2b74f7a2da4c69b02045c9d4d29d11e1') in 0.010568 seconds
  Import took 0.013875 seconds .

========================================================================
Received Prepare
Registering precompiled user dll's ...
Registered in 0.001204 seconds.
Begin MonoManager ReloadAssembly
Native extension for WindowsStandalone target not found
Native extension for WebGL target not found
Refreshing native plugins compatible for Editor in 0.35 ms, found 0 plugins.
Preloading 0 native plugins for Editor in 0.00 ms.
Invoked RoslynAnalysisRunner static constructor.
RoslynAnalysisRunner will not be running.
RoslynAnalysisRunner has terminated.
Mono: successfully reloaded assembly
- Completed reload, in  1.206 seconds
Platform modules already initialized, skipping
Refreshing native plugins compatible for Editor in 0.32 ms, found 0 plugins.
Preloading 0 native plugins for Editor in 0.00 ms.
Unloading 1094 Unused Serialized files (Serialized files now loaded: 0)
System memory in use before: 61.8 MB.
System memory in use after: 61.9 MB.

Unloading 5 unused Assets to reduce memory usage. Loaded Objects now: 1579.
Total: 2.342232 ms (FindLiveObjects: 0.294053 ms CreateObjectMapping: 0.066251 ms MarkObjects: 1.919244 ms  DeleteObjects: 0.061665 ms)

========================================================================
Received Prepare
Registering precompiled user dll's ...
Registered in 0.000855 seconds.
Begin MonoManager ReloadAssembly
Native extension for WindowsStandalone target not found
Native extension for WebGL target not found
Refreshing native plugins compatible for Editor in 0.37 ms, found 0 plugins.
Preloading 0 native plugins for Editor in 0.00 ms.
Invoked RoslynAnalysisRunner static constructor.
RoslynAnalysisRunner will not be running.
RoslynAnalysisRunner has terminated.
Mono: successfully reloaded assembly
- Completed reload, in  1.104 seconds
Platform modules already initialized, skipping
Refreshing native plugins compatible for Editor in 0.31 ms, found 0 plugins.
Preloading 0 native plugins for Editor in 0.00 ms.
Unloading 1094 Unused Serialized files (Serialized files now loaded: 0)
System memory in use before: 61.0 MB.
System memory in use after: 61.1 MB.

Unloading 5 unused Assets to reduce memory usage. Loaded Objects now: 1581.
Total: 2.371026 ms (FindLiveObjects: 0.253028 ms CreateObjectMapping: 0.061155 ms MarkObjects: 1.994668 ms  DeleteObjects: 0.061155 ms)

========================================================================
Received Prepare
Registering precompiled user dll's ...
Registered in 0.000849 seconds.
Begin MonoManager ReloadAssembly
Native extension for WindowsStandalone target not found
Native extension for WebGL target not found
Refreshing native plugins compatible for Editor in 0.33 ms, found 0 plugins.
Preloading 0 native plugins for Editor in 0.00 ms.
Invoked RoslynAnalysisRunner static constructor.
RoslynAnalysisRunner will not be running.
RoslynAnalysisRunner has terminated.
Mono: successfully reloaded assembly
- Completed reload, in  1.069 seconds
Platform modules already initialized, skipping
Refreshing native plugins compatible for Editor in 0.34 ms, found 0 plugins.
Preloading 0 native plugins for Editor in 0.00 ms.
Unloading 1094 Unused Serialized files (Serialized files now loaded: 0)
System memory in use before: 61.1 MB.
System memory in use after: 61.2 MB.

Unloading 5 unused Assets to reduce memory usage. Loaded Objects now: 1583.
Total: 2.243365 ms (FindLiveObjects: 0.258889 ms CreateObjectMapping: 0.061665 ms MarkObjects: 1.858344 ms  DeleteObjects: 0.063193 ms)

========================================================================
Received Prepare
Registering precompiled user dll's ...
Registered in 0.000818 seconds.
Begin MonoManager ReloadAssembly
Native extension for WindowsStandalone target not found
Native extension for WebGL target not found
Refreshing native plugins compatible for Editor in 0.32 ms, found 0 plugins.
Preloading 0 native plugins for Editor in 0.00 ms.
Invoked RoslynAnalysisRunner static constructor.
RoslynAnalysisRunner will not be running.
RoslynAnalysisRunner has terminated.
Mono: successfully reloaded assembly
- Completed reload, in  1.127 seconds
Platform modules already initialized, skipping
Refreshing native plugins compatible for Editor in 0.32 ms, found 0 plugins.
Preloading 0 native plugins for Editor in 0.00 ms.
Unloading 1094 Unused Serialized files (Serialized files now loaded: 0)
System memory in use before: 61.2 MB.
System memory in use after: 61.3 MB.

Unloading 5 unused Assets to reduce memory usage. Loaded Objects now: 1585.
Total: 2.079011 ms (FindLiveObjects: 0.256596 ms CreateObjectMapping: 0.062684 ms MarkObjects: 1.697558 ms  DeleteObjects: 0.060900 ms)

========================================================================
Received Prepare
Registering precompiled user dll's ...
Registered in 0.000926 seconds.
Begin MonoManager ReloadAssembly
Native extension for WindowsStandalone target not found
Native extension for WebGL target not found
Refreshing native plugins compatible for Editor in 0.34 ms, found 0 plugins.
Preloading 0 native plugins for Editor in 0.00 ms.
Invoked RoslynAnalysisRunner static constructor.
RoslynAnalysisRunner will not be running.
RoslynAnalysisRunner has terminated.
Mono: successfully reloaded assembly
- Completed reload, in  1.112 seconds
Platform modules already initialized, skipping
Refreshing native plugins compatible for Editor in 0.30 ms, found 0 plugins.
Preloading 0 native plugins for Editor in 0.00 ms.
Unloading 1094 Unused Serialized files (Serialized files now loaded: 0)
System memory in use before: 61.4 MB.
System memory in use after: 61.4 MB.

Unloading 5 unused Assets to reduce memory usage. Loaded Objects now: 1587.
Total: 2.096338 ms (FindLiveObjects: 0.252519 ms CreateObjectMapping: 0.060900 ms MarkObjects: 1.723294 ms  DeleteObjects: 0.058607 ms)

========================================================================
Received Prepare
Registering precompiled user dll's ...
Registered in 0.000867 seconds.
Begin MonoManager ReloadAssembly
Native extension for WindowsStandalone target not found
Native extension for WebGL target not found
Refreshing native plugins compatible for Editor in 0.32 ms, found 0 plugins.
Preloading 0 native plugins for Editor in 0.00 ms.
Invoked RoslynAnalysisRunner static constructor.
RoslynAnalysisRunner will not be running.
RoslynAnalysisRunner has terminated.
Mono: successfully reloaded assembly
- Completed reload, in  1.074 seconds
Platform modules already initialized, skipping
Refreshing native plugins compatible for Editor in 0.30 ms, found 0 plugins.
Preloading 0 native plugins for Editor in 0.00 ms.
Unloading 1094 Unused Serialized files (Serialized files now loaded: 0)
System memory in use before: 61.5 MB.
System memory in use after: 61.6 MB.

Unloading 5 unused Assets to reduce memory usage. Loaded Objects now: 1589.
Total: 2.077992 ms (FindLiveObjects: 0.265769 ms CreateObjectMapping: 0.061919 ms MarkObjects: 1.686601 ms  DeleteObjects: 0.062939 ms)

========================================================================
Received Prepare
Registering precompiled user dll's ...
Registered in 0.000858 seconds.
Begin MonoManager ReloadAssembly
Native extension for WindowsStandalone target not found
Native extension for WebGL target not found
Refreshing native plugins compatible for Editor in 0.33 ms, found 0 plugins.
Preloading 0 native plugins for Editor in 0.00 ms.
Invoked RoslynAnalysisRunner static constructor.
RoslynAnalysisRunner will not be running.
RoslynAnalysisRunner has terminated.
Mono: successfully reloaded assembly
- Completed reload, in  1.076 seconds
Platform modules already initialized, skipping
Refreshing native plugins compatible for Editor in 0.31 ms, found 0 plugins.
Preloading 0 native plugins for Editor in 0.00 ms.
Unloading 1094 Unused Serialized files (Serialized files now loaded: 0)
System memory in use before: 61.6 MB.
System memory in use after: 61.7 MB.

Unloading 5 unused Assets to reduce memory usage. Loaded Objects now: 1591.
Total: 2.102454 ms (FindLiveObjects: 0.266533 ms CreateObjectMapping: 0.060645 ms MarkObjects: 1.705202 ms  DeleteObjects: 0.068290 ms)

========================================================================
Received Prepare
Registering precompiled user dll's ...
Registered in 0.001309 seconds.
Begin MonoManager ReloadAssembly
Native extension for WindowsStandalone target not found
Native extension for WebGL target not found
Refreshing native plugins compatible for Editor in 0.32 ms, found 0 plugins.
Preloading 0 native plugins for Editor in 0.00 ms.
Invoked RoslynAnalysisRunner static constructor.
RoslynAnalysisRunner will not be running.
RoslynAnalysisRunner has terminated.
Mono: successfully reloaded assembly
- Completed reload, in  1.131 seconds
Platform modules already initialized, skipping
Refreshing native plugins compatible for Editor in 0.31 ms, found 0 plugins.
Preloading 0 native plugins for Editor in 0.00 ms.
Unloading 1094 Unused Serialized files (Serialized files now loaded: 0)
System memory in use before: 61.8 MB.
System memory in use after: 61.8 MB.

Unloading 5 unused Assets to reduce memory usage. Loaded Objects now: 1593.
Total: 2.173037 ms (FindLiveObjects: 0.265259 ms CreateObjectMapping: 0.061410 ms MarkObjects: 1.781900 ms  DeleteObjects: 0.062939 ms)

========================================================================
Received Prepare
Registering precompiled user dll's ...
Registered in 0.000916 seconds.
Begin MonoManager ReloadAssembly
Native extension for WindowsStandalone target not found
Native extension for WebGL target not found
Refreshing native plugins compatible for Editor in 0.33 ms, found 0 plugins.
Preloading 0 native plugins for Editor in 0.00 ms.
Invoked RoslynAnalysisRunner static constructor.
RoslynAnalysisRunner will not be running.
RoslynAnalysisRunner has terminated.
Mono: successfully reloaded assembly
- Completed reload, in  1.072 seconds
Platform modules already initialized, skipping
Refreshing native plugins compatible for Editor in 0.31 ms, found 0 plugins.
Preloading 0 native plugins for Editor in 0.00 ms.
Unloading 1094 Unused Serialized files (Serialized files now loaded: 0)
System memory in use before: 61.9 MB.
System memory in use after: 61.9 MB.

Unloading 5 unused Assets to reduce memory usage. Loaded Objects now: 1595.
Total: 2.257125 ms (FindLiveObjects: 0.276726 ms CreateObjectMapping: 0.062939 ms MarkObjects: 1.837959 ms  DeleteObjects: 0.066761 ms)

========================================================================
Received Prepare
Registering precompiled user dll's ...
Registered in 0.000883 seconds.
Begin MonoManager ReloadAssembly
Native extension for WindowsStandalone target not found
Native extension for WebGL target not found
Refreshing native plugins compatible for Editor in 0.32 ms, found 0 plugins.
Preloading 0 native plugins for Editor in 0.00 ms.
Invoked RoslynAnalysisRunner static constructor.
RoslynAnalysisRunner will not be running.
RoslynAnalysisRunner has terminated.
Mono: successfully reloaded assembly
- Completed reload, in  1.117 seconds
Platform modules already initialized, skipping
Refreshing native plugins compatible for Editor in 0.32 ms, found 0 plugins.
Preloading 0 native plugins for Editor in 0.00 ms.
Unloading 1094 Unused Serialized files (Serialized files now loaded: 0)
System memory in use before: 61.0 MB.
System memory in use after: 61.1 MB.

Unloading 5 unused Assets to reduce memory usage. Loaded Objects now: 1597.
Total: 2.277764 ms (FindLiveObjects: 0.262456 ms CreateObjectMapping: 0.062684 ms MarkObjects: 1.888157 ms  DeleteObjects: 0.063448 ms)

========================================================================
Received Import Request.
  Time since last request: 8238.026832 seconds.
  path: Assets/SFX
  artifactKey: Guid(14ac2b18d95a4094ba15d56aa30c6f24) Importer(815301076,1909f56bfc062723c751e8b465ee728b)
Start importing Assets/SFX using Guid(14ac2b18d95a4094ba15d56aa30c6f24) Importer(815301076,1909f56bfc062723c751e8b465ee728b)  -> (artifact id: 'f1a858f72dc91bc00d8ec406553b7a1f') in 0.009176 seconds
  Import took 0.011946 seconds .

========================================================================
Received Import Request.
  Time since last request: 0.006164 seconds.
  path: Assets/SFX
  artifactKey: Guid(14ac2b18d95a4094ba15d56aa30c6f24) Importer(815301076,1909f56bfc062723c751e8b465ee728b)
Start importing Assets/SFX using Guid(14ac2b18d95a4094ba15d56aa30c6f24) Importer(815301076,1909f56bfc062723c751e8b465ee728b)  -> (artifact id: 'f1a858f72dc91bc00d8ec406553b7a1f') in 0.006323 seconds
  Import took 0.008631 seconds .

========================================================================
Received Import Request.
  Time since last request: 27.942824 seconds.
  path: Assets/SFX/332629__treasuresounds__item-pickup.ogg
  artifactKey: Guid(f6197713440b4014a8f426ce63323b2f) Importer(815301076,1909f56bfc062723c751e8b465ee728b)
Start importing Assets/SFX/332629__treasuresounds__item-pickup.ogg using Guid(f6197713440b4014a8f426ce63323b2f) Importer(815301076,1909f56bfc062723c751e8b465ee728b)  -> (artifact id: '1739a2b3c8a934632514e99ad6828ee2') in 0.072870 seconds
  Import took 0.075590 seconds .

========================================================================
Received Import Request.
  Time since last request: 8.384121 seconds.
  path: Assets/Prefabs/Basket.prefab
  artifactKey: Guid(c6aae94d21e762942b72d8943145b1de) Importer(815301076,1909f56bfc062723c751e8b465ee728b)
Start importing Assets/Prefabs/Basket.prefab using Guid(c6aae94d21e762942b72d8943145b1de) Importer(815301076,1909f56bfc062723c751e8b465ee728b)  -> (artifact id: '6a83193f350c5bc1d42ccff0d0c3c07a') in 0.038729 seconds
  Import took 0.041711 seconds .

========================================================================
Received Import Request.
  Time since last request: 8.662830 seconds.
  path: Assets/Prefabs/Basket.prefab
  artifactKey: Guid(c6aae94d21e762942b72d8943145b1de) Importer(815301076,1909f56bfc062723c751e8b465ee728b)
Start importing Assets/Prefabs/Basket.prefab using Guid(c6aae94d21e762942b72d8943145b1de) Importer(815301076,1909f56bfc062723c751e8b465ee728b)  -> (artifact id: '64af536d7269d8b1889642ed61f87517') in 0.017487 seconds
  Import took 0.020571 seconds .

========================================================================
Received Prepare
Registering precompiled user dll's ...
Registered in 0.000772 seconds.
Begin MonoManager ReloadAssembly
Native extension for WindowsStandalone target not found
Native extension for WebGL target not found
Refreshing native plugins compatible for Editor in 0.32 ms, found 0 plugins.
Preloading 0 native plugins for Editor in 0.00 ms.
Invoked RoslynAnalysisRunner static constructor.
RoslynAnalysisRunner will not be running.
RoslynAnalysisRunner has terminated.
Mono: successfully reloaded assembly
- Completed reload, in  1.112 seconds
Platform modules already initialized, skipping
Refreshing native plugins compatible for Editor in 0.32 ms, found 0 plugins.
Preloading 0 native plugins for Editor in 0.00 ms.
Unloading 1094 Unused Serialized files (Serialized files now loaded: 0)
System memory in use before: 61.2 MB.
System memory in use after: 61.3 MB.

Unloading 5 unused Assets to reduce memory usage. Loaded Objects now: 1602.
Total: 2.160551 ms (FindLiveObjects: 0.307813 ms CreateObjectMapping: 0.061410 ms MarkObjects: 1.730428 ms  DeleteObjects: 0.059881 ms)

========================================================================
Received Import Request.
  Time since last request: 409.873175 seconds.
  path: Assets/Prefabs/Basket.prefab
  artifactKey: Guid(c6aae94d21e762942b72d8943145b1de) Importer(815301076,1909f56bfc062723c751e8b465ee728b)
Start importing Assets/Prefabs/Basket.prefab using Guid(c6aae94d21e762942b72d8943145b1de) Importer(815301076,1909f56bfc062723c751e8b465ee728b)  -> (artifact id: 'c63185b1b5b36e7fc1791eae083526e9') in 0.071303 seconds
  Import took 0.074088 seconds .

========================================================================
Received Import Request.
  Time since last request: 10.085777 seconds.
  path: Assets/Prefabs/Basket.prefab
  artifactKey: Guid(c6aae94d21e762942b72d8943145b1de) Importer(815301076,1909f56bfc062723c751e8b465ee728b)
Start importing Assets/Prefabs/Basket.prefab using Guid(c6aae94d21e762942b72d8943145b1de) Importer(815301076,1909f56bfc062723c751e8b465ee728b)  -> (artifact id: '8d916887bcb48bd8025cca874aed2577') in 0.014554 seconds
  Import took 0.017421 seconds .

========================================================================
Received Import Request.
  Time since last request: 0.025012 seconds.
  path: Assets/Prefabs/Basket.prefab
  artifactKey: Guid(c6aae94d21e762942b72d8943145b1de) Importer(815301076,1909f56bfc062723c751e8b465ee728b)
Start importing Assets/Prefabs/Basket.prefab using Guid(c6aae94d21e762942b72d8943145b1de) Importer(815301076,1909f56bfc062723c751e8b465ee728b)  -> (artifact id: '8d916887bcb48bd8025cca874aed2577') in 0.015248 seconds
  Import took 0.018153 seconds .

========================================================================
Received Import Request.
  Time since last request: 4.330680 seconds.
  path: Assets/Prefabs/Basket.prefab
  artifactKey: Guid(c6aae94d21e762942b72d8943145b1de) Importer(815301076,1909f56bfc062723c751e8b465ee728b)
Start importing Assets/Prefabs/Basket.prefab using Guid(c6aae94d21e762942b72d8943145b1de) Importer(815301076,1909f56bfc062723c751e8b465ee728b)  -> (artifact id: '2f99362c00242387a5f67212f0d1bd86') in 0.015259 seconds
  Import took 0.018082 seconds .

========================================================================
Received Import Request.
  Time since last request: 0.008892 seconds.
  path: Assets/Prefabs/Basket.prefab
  artifactKey: Guid(c6aae94d21e762942b72d8943145b1de) Importer(815301076,1909f56bfc062723c751e8b465ee728b)
Start importing Assets/Prefabs/Basket.prefab using Guid(c6aae94d21e762942b72d8943145b1de) Importer(815301076,1909f56bfc062723c751e8b465ee728b)  -> (artifact id: '2f99362c00242387a5f67212f0d1bd86') in 0.019416 seconds
  Import took 0.022079 seconds .

========================================================================
Received Import Request.
  Time since last request: 8.386966 seconds.
  path: Assets/Prefabs/Basket.prefab
  artifactKey: Guid(c6aae94d21e762942b72d8943145b1de) Importer(815301076,1909f56bfc062723c751e8b465ee728b)
Start importing Assets/Prefabs/Basket.prefab using Guid(c6aae94d21e762942b72d8943145b1de) Importer(815301076,1909f56bfc062723c751e8b465ee728b)  -> (artifact id: 'edc4e84349d32af42a5be51b30a99b52') in 0.014156 seconds
  Import took 0.017104 seconds .

========================================================================
Received Import Request.
  Time since last request: 0.012353 seconds.
  path: Assets/Prefabs/Basket.prefab
  artifactKey: Guid(c6aae94d21e762942b72d8943145b1de) Importer(815301076,1909f56bfc062723c751e8b465ee728b)
Start importing Assets/Prefabs/Basket.prefab using Guid(c6aae94d21e762942b72d8943145b1de) Importer(815301076,1909f56bfc062723c751e8b465ee728b)  -> (artifact id: 'edc4e84349d32af42a5be51b30a99b52') in 0.014055 seconds
  Import took 0.016824 seconds .

========================================================================
Received Import Request.
  Time since last request: 4.431986 seconds.
  path: Assets/Prefabs/Basket.prefab
  artifactKey: Guid(c6aae94d21e762942b72d8943145b1de) Importer(815301076,1909f56bfc062723c751e8b465ee728b)
Start importing Assets/Prefabs/Basket.prefab using Guid(c6aae94d21e762942b72d8943145b1de) Importer(815301076,1909f56bfc062723c751e8b465ee728b)  -> (artifact id: 'deb49c024cf8ea9c7d46a14c4e68983e') in 0.016717 seconds
  Import took 0.019550 seconds .

========================================================================
Received Import Request.
  Time since last request: 3.255152 seconds.
  path: Assets/Prefabs/Basket.prefab
  artifactKey: Guid(c6aae94d21e762942b72d8943145b1de) Importer(815301076,1909f56bfc062723c751e8b465ee728b)
Start importing Assets/Prefabs/Basket.prefab using Guid(c6aae94d21e762942b72d8943145b1de) Importer(815301076,1909f56bfc062723c751e8b465ee728b)  -> (artifact id: '3886acc8f459b9ba5e4d3bbeb286e16c') in 0.015714 seconds
  Import took 0.018592 seconds .

========================================================================
Received Prepare
Registering precompiled user dll's ...
Registered in 0.000857 seconds.
Begin MonoManager ReloadAssembly
Native extension for WindowsStandalone target not found
Native extension for WebGL target not found
Refreshing native plugins compatible for Editor in 0.33 ms, found 0 plugins.
Preloading 0 native plugins for Editor in 0.00 ms.
Invoked RoslynAnalysisRunner static constructor.
RoslynAnalysisRunner will not be running.
RoslynAnalysisRunner has terminated.
Mono: successfully reloaded assembly
- Completed reload, in  1.093 seconds
Platform modules already initialized, skipping
Refreshing native plugins compatible for Editor in 0.32 ms, found 0 plugins.
Preloading 0 native plugins for Editor in 0.00 ms.
Unloading 1094 Unused Serialized files (Serialized files now loaded: 0)
System memory in use before: 61.4 MB.
System memory in use after: 61.4 MB.

Unloading 5 unused Assets to reduce memory usage. Loaded Objects now: 1605.
Total: 2.151633 ms (FindLiveObjects: 0.250990 ms CreateObjectMapping: 0.061155 ms MarkObjects: 1.776804 ms  DeleteObjects: 0.061410 ms)

========================================================================
Received Prepare
Registering precompiled user dll's ...
Registered in 0.000884 seconds.
Begin MonoManager ReloadAssembly
Native extension for WindowsStandalone target not found
Native extension for WebGL target not found
Refreshing native plugins compatible for Editor in 0.38 ms, found 0 plugins.
Preloading 0 native plugins for Editor in 0.00 ms.
Invoked RoslynAnalysisRunner static constructor.
RoslynAnalysisRunner will not be running.
RoslynAnalysisRunner has terminated.
Mono: successfully reloaded assembly
- Completed reload, in  1.139 seconds
Platform modules already initialized, skipping
Refreshing native plugins compatible for Editor in 0.31 ms, found 0 plugins.
Preloading 0 native plugins for Editor in 0.00 ms.
Unloading 1094 Unused Serialized files (Serialized files now loaded: 0)
System memory in use before: 61.5 MB.
System memory in use after: 61.6 MB.

Unloading 5 unused Assets to reduce memory usage. Loaded Objects now: 1607.
Total: 2.227566 ms (FindLiveObjects: 0.271375 ms CreateObjectMapping: 0.062429 ms MarkObjects: 1.830060 ms  DeleteObjects: 0.062429 ms)

========================================================================
Received Import Request.
  Time since last request: 918.489900 seconds.
  path: Assets/SFX/487532__ranner__bubble-sound.wav
  artifactKey: Guid(7ef0488afe3281d41b3c8f980e37521f) Importer(815301076,1909f56bfc062723c751e8b465ee728b)
Start importing Assets/SFX/487532__ranner__bubble-sound.wav using Guid(7ef0488afe3281d41b3c8f980e37521f) Importer(815301076,1909f56bfc062723c751e8b465ee728b)  -> (artifact id: '353056e8252ee401a203908fc709ed89') in 0.059448 seconds
  Import took 0.062139 seconds .

========================================================================
Received Import Request.
  Time since last request: 5.312037 seconds.
  path: Assets/Prefabs/Basket.prefab
  artifactKey: Guid(c6aae94d21e762942b72d8943145b1de) Importer(815301076,1909f56bfc062723c751e8b465ee728b)
Start importing Assets/Prefabs/Basket.prefab using Guid(c6aae94d21e762942b72d8943145b1de) Importer(815301076,1909f56bfc062723c751e8b465ee728b)  -> (artifact id: 'c909dac2545879b4834a3c489797d778') in 0.040840 seconds
  Import took 0.043656 seconds .

========================================================================
Received Prepare
Registering precompiled user dll's ...
Registered in 0.000824 seconds.
Begin MonoManager ReloadAssembly
Native extension for WindowsStandalone target not found
Native extension for WebGL target not found
Refreshing native plugins compatible for Editor in 0.46 ms, found 0 plugins.
Preloading 0 native plugins for Editor in 0.00 ms.
Invoked RoslynAnalysisRunner static constructor.
RoslynAnalysisRunner will not be running.
RoslynAnalysisRunner has terminated.
Mono: successfully reloaded assembly
- Completed reload, in  1.165 seconds
Platform modules already initialized, skipping
Refreshing native plugins compatible for Editor in 0.32 ms, found 0 plugins.
Preloading 0 native plugins for Editor in 0.00 ms.
Unloading 1094 Unused Serialized files (Serialized files now loaded: 0)
System memory in use before: 61.6 MB.
System memory in use after: 61.7 MB.

Unloading 5 unused Assets to reduce memory usage. Loaded Objects now: 1610.
Total: 2.527480 ms (FindLiveObjects: 0.275961 ms CreateObjectMapping: 0.062429 ms MarkObjects: 2.122074 ms  DeleteObjects: 0.065996 ms)

========================================================================
Received Import Request.
  Time since last request: 124.157538 seconds.
  path: Assets/SFX/your_file_(tools.diktorov.net).wav
  artifactKey: Guid(cb4e23ff86ba6fd48ab13e9abc31c705) Importer(815301076,1909f56bfc062723c751e8b465ee728b)
Start importing Assets/SFX/your_file_(tools.diktorov.net).wav using Guid(cb4e23ff86ba6fd48ab13e9abc31c705) Importer(815301076,1909f56bfc062723c751e8b465ee728b)  -> (artifact id: 'e152feb60c3256de26b801839e44b52b') in 0.059224 seconds
  Import took 0.062043 seconds .

========================================================================
Received Import Request.
  Time since last request: 2.163645 seconds.
  path: Assets/Prefabs/Basket.prefab
  artifactKey: Guid(c6aae94d21e762942b72d8943145b1de) Importer(815301076,1909f56bfc062723c751e8b465ee728b)
Start importing Assets/Prefabs/Basket.prefab using Guid(c6aae94d21e762942b72d8943145b1de) Importer(815301076,1909f56bfc062723c751e8b465ee728b)  -> (artifact id: '17e844ac75de8b2645a510746b5be392') in 0.037493 seconds
  Import took 0.040344 seconds .

========================================================================
Received Prepare
Registering precompiled user dll's ...
Registered in 0.000799 seconds.
Begin MonoManager ReloadAssembly
Native extension for WindowsStandalone target not found
Native extension for WebGL target not found
Refreshing native plugins compatible for Editor in 0.32 ms, found 0 plugins.
Preloading 0 native plugins for Editor in 0.00 ms.
Invoked RoslynAnalysisRunner static constructor.
RoslynAnalysisRunner will not be running.
RoslynAnalysisRunner has terminated.
Mono: successfully reloaded assembly
- Completed reload, in  1.089 seconds
Platform modules already initialized, skipping
Refreshing native plugins compatible for Editor in 0.31 ms, found 0 plugins.
Preloading 0 native plugins for Editor in 0.00 ms.
Unloading 1094 Unused Serialized files (Serialized files now loaded: 0)
System memory in use before: 61.8 MB.
System memory in use after: 61.8 MB.

Unloading 5 unused Assets to reduce memory usage. Loaded Objects now: 1613.
Total: 2.181955 ms (FindLiveObjects: 0.267807 ms CreateObjectMapping: 0.061919 ms MarkObjects: 1.790564 ms  DeleteObjects: 0.060390 ms)

AssetImportWorkerClient::OnTransportError - code=2 error=End of file
